<?xml version="1.0" encoding="UTF-8"?>
<testsuite name="net.tenbo.hubble.core.message.MessagingTest" tests="6" skipped="0" failures="0" errors="0" timestamp="2026-06-19T11:27:22" hostname="dev-one" time="0.289">
  <properties/>
  <testcase name="posts expire after their ttl()" classname="net.tenbo.hubble.core.message.MessagingTest" time="0.002"/>
  <testcase name="a voice clip round-trips between matched peers()" classname="net.tenbo.hubble.core.message.MessagingTest" time="0.083"/>
  <testcase name="friend can open a sealed post but an eavesdropper cannot()" classname="net.tenbo.hubble.core.message.MessagingTest" time="0.066"/>
  <testcase name="a chat message round-trips between matched peers()" classname="net.tenbo.hubble.core.message.MessagingTest" time="0.048"/>
  <testcase name="tampered ciphertext is rejected()" classname="net.tenbo.hubble.core.message.MessagingTest" time="0.045"/>
  <testcase name="envelope round-trips through its wire codec()" classname="net.tenbo.hubble.core.message.MessagingTest" time="0.029"/>
  <system-out><![CDATA[]]></system-out>
  <system-err><![CDATA[]]></system-err>
</testsuite>
