<?xml version="1.0" encoding="UTF-8"?>
<testsuite name="net.tenbo.hubble.core.identity.IdentityFactoryTest" tests="3" skipped="0" failures="0" errors="0" timestamp="2026-06-19T11:27:22" hostname="dev-one" time="0.055">
  <properties/>
  <testcase name="same phrase reconstructs identical identity (recovery)()" classname="net.tenbo.hubble.core.identity.IdentityFactoryTest" time="0.025"/>
  <testcase name="signing and agreement keys are independent()" classname="net.tenbo.hubble.core.identity.IdentityFactoryTest" time="0.01"/>
  <testcase name="hubbleId is a short hex fingerprint of the signing key()" classname="net.tenbo.hubble.core.identity.IdentityFactoryTest" time="0.013"/>
  <system-out><![CDATA[]]></system-out>
  <system-err><![CDATA[]]></system-err>
</testsuite>
