<?xml version="1.0" encoding="UTF-8"?>
<testsuite name="net.tenbo.hubble.core.message.SelfSyncTest" tests="2" skipped="0" failures="0" errors="0" timestamp="2026-06-19T11:27:22" hostname="dev-one" time="0.042">
  <properties/>
  <testcase name="a different identity cannot open another's self-sync()" classname="net.tenbo.hubble.core.message.SelfSyncTest" time="0.018"/>
  <testcase name="another device with the same phrase recovers the synced matches()" classname="net.tenbo.hubble.core.message.SelfSyncTest" time="0.023"/>
  <system-out><![CDATA[]]></system-out>
  <system-err><![CDATA[]]></system-err>
</testsuite>
